<?xml version="1.0" encoding="UTF-8"?>
<testng-results ignored="0" total="1" passed="1" failed="0" skipped="0">
  <reporter-output>
  </reporter-output>
  <suite started-at="2020-04-19T00:51:12 IST" name="Default suite" finished-at="2020-04-19T00:51:14 IST" duration-ms="2188">
    <groups>
    </groups>
    <test started-at="2020-04-19T00:51:12 IST" name="Default test" finished-at="2020-04-19T00:51:14 IST" duration-ms="2188">
      <class name="testcase.Flipkart">
        <test-method signature="execute()[pri:0, instance:testcase.Flipkart@2a4fb17b]" started-at="2020-04-19T00:51:12 IST" name="execute" finished-at="2020-04-19T00:51:14 IST" duration-ms="2162" status="PASS">
          <reporter-output>
          </reporter-output>
        </test-method> <!-- execute -->
      </class> <!-- testcase.Flipkart -->
    </test> <!-- Default test -->
  </suite> <!-- Default suite -->
</testng-results>
